2016-11-30T23:59:43,843 [DEBUG] (SqlUserDao.java:32) - gettting instance of class sql.SqlUserDao
2016-11-30T23:59:43,867 [DEBUG] (SqlUserDao.java:42) - class sql.SqlUserDao constructor inited
2016-11-30T23:59:43,871 [DEBUG] (ConnectionPool.java:26) - instance of connection pool inited
2016-11-30T23:59:44,765 [INFO ] (LoginServlet.java:44) - user logged in, userId = 19
2016-11-30T23:59:57,798 [DEBUG] (SqlPostDao.java:35) - getting instance of SqlPostDao
2016-11-30T23:59:57,800 [DEBUG] (SqlPostDao.java:45) - SqlPostDao constructor inited
2016-11-30T23:59:57,807 [DEBUG] (SqlSubscribeDao.java:33) - gettting instance of class sql.SqlSubscribeDao
2016-11-30T23:59:57,807 [DEBUG] (SqlSubscribeDao.java:43) - class sql.SqlSubscribeDaoconstructor inited
2016-12-01T00:03:51,523 [DEBUG] (SqlUserDao.java:32) - gettting instance of class sql.SqlUserDao
2016-12-01T00:03:51,549 [DEBUG] (SqlUserDao.java:42) - class sql.SqlUserDao constructor inited
2016-12-01T00:03:51,553 [DEBUG] (ConnectionPool.java:26) - instance of connection pool inited
2016-12-01T00:03:52,438 [INFO ] (LoginServlet.java:44) - user logged in, userId = 19
2016-12-01T00:03:55,125 [DEBUG] (SqlPostDao.java:35) - getting instance of SqlPostDao
2016-12-01T00:03:55,126 [DEBUG] (SqlPostDao.java:45) - SqlPostDao constructor inited
2016-12-01T00:03:55,134 [DEBUG] (SqlSubscribeDao.java:33) - gettting instance of class sql.SqlSubscribeDao
2016-12-01T00:03:55,134 [DEBUG] (SqlSubscribeDao.java:43) - class sql.SqlSubscribeDaoconstructor inited
2016-12-01T00:09:18,387 [DEBUG] (SqlUserDao.java:32) - gettting instance of class sql.SqlUserDao
2016-12-01T00:09:18,433 [DEBUG] (SqlUserDao.java:42) - class sql.SqlUserDao constructor inited
2016-12-01T00:09:18,441 [DEBUG] (ConnectionPool.java:26) - instance of connection pool inited
2016-12-01T00:09:20,628 [INFO ] (LoginServlet.java:44) - user logged in, userId = 19
2016-12-01T00:09:24,054 [DEBUG] (SqlPostDao.java:35) - getting instance of SqlPostDao
2016-12-01T00:09:24,056 [DEBUG] (SqlPostDao.java:45) - SqlPostDao constructor inited
2016-12-01T00:09:24,071 [DEBUG] (SqlSubscribeDao.java:33) - gettting instance of class sql.SqlSubscribeDao
2016-12-01T00:09:24,072 [DEBUG] (SqlSubscribeDao.java:43) - class sql.SqlSubscribeDaoconstructor inited
2016-12-01T23:58:14,237 [DEBUG] (SqlUserDao.java:32) - gettting instance of class sql.SqlUserDao
2016-12-01T23:58:14,270 [DEBUG] (SqlUserDao.java:42) - class sql.SqlUserDao constructor inited
2016-12-01T23:58:14,272 [DEBUG] (ConnectionPool.java:26) - instance of connection pool inited
2016-12-01T23:58:19,147 [INFO ] (LoginServlet.java:44) - user logged in, userId = 19
2016-12-01T23:58:22,680 [DEBUG] (SqlPostDao.java:35) - getting instance of SqlPostDao
2016-12-01T23:58:22,682 [DEBUG] (SqlPostDao.java:45) - SqlPostDao constructor inited
2016-12-01T23:58:22,691 [DEBUG] (SqlSubscribeDao.java:33) - gettting instance of class sql.SqlSubscribeDao
2016-12-01T23:58:22,692 [DEBUG] (SqlSubscribeDao.java:43) - class sql.SqlSubscribeDaoconstructor inited
2016-12-02T00:00:20,733 [DEBUG] (SqlPostDao.java:35) - getting instance of SqlPostDao
2016-12-02T00:00:20,765 [DEBUG] (SqlPostDao.java:45) - SqlPostDao constructor inited
2016-12-02T00:00:20,769 [DEBUG] (ConnectionPool.java:26) - instance of connection pool inited
2016-12-02T00:00:22,290 [DEBUG] (SqlSubscribeDao.java:33) - gettting instance of class sql.SqlSubscribeDao
2016-12-02T00:00:22,291 [DEBUG] (SqlSubscribeDao.java:43) - class sql.SqlSubscribeDaoconstructor inited
2016-12-02T00:00:50,814 [DEBUG] (SqlUserDao.java:32) - gettting instance of class sql.SqlUserDao
2016-12-02T00:00:50,816 [DEBUG] (SqlUserDao.java:42) - class sql.SqlUserDao constructor inited
2016-12-02T00:00:50,931 [INFO ] (LoginServlet.java:44) - user logged in, userId = 19
2016-12-02T00:05:56,462 [DEBUG] (SqlPostDao.java:35) - getting instance of SqlPostDao
2016-12-02T00:05:56,487 [DEBUG] (SqlPostDao.java:45) - SqlPostDao constructor inited
2016-12-02T00:05:56,490 [DEBUG] (ConnectionPool.java:26) - instance of connection pool inited
2016-12-02T00:05:57,758 [DEBUG] (SqlSubscribeDao.java:33) - gettting instance of class sql.SqlSubscribeDao
2016-12-02T00:05:57,760 [DEBUG] (SqlSubscribeDao.java:43) - class sql.SqlSubscribeDaoconstructor inited
2016-12-02T00:06:13,519 [DEBUG] (SqlUserDao.java:32) - gettting instance of class sql.SqlUserDao
2016-12-02T00:06:13,521 [DEBUG] (SqlUserDao.java:42) - class sql.SqlUserDao constructor inited
2016-12-02T00:06:13,672 [INFO ] (LoginServlet.java:44) - user logged in, userId = 19
2016-12-02T00:08:52,047 [DEBUG] (SqlPostDao.java:35) - getting instance of SqlPostDao
2016-12-02T00:08:52,088 [DEBUG] (SqlPostDao.java:45) - SqlPostDao constructor inited
2016-12-02T00:08:52,094 [DEBUG] (ConnectionPool.java:26) - instance of connection pool inited
2016-12-02T00:08:53,998 [DEBUG] (SqlSubscribeDao.java:33) - gettting instance of class sql.SqlSubscribeDao
2016-12-02T00:08:54,000 [DEBUG] (SqlSubscribeDao.java:43) - class sql.SqlSubscribeDaoconstructor inited
2016-12-02T00:09:21,454 [DEBUG] (SqlUserDao.java:32) - gettting instance of class sql.SqlUserDao
2016-12-02T00:09:21,456 [DEBUG] (SqlUserDao.java:42) - class sql.SqlUserDao constructor inited
2016-12-02T00:09:21,603 [INFO ] (LoginServlet.java:44) - user logged in, userId = 19
2016-12-02T00:11:57,847 [INFO ] (LoginServlet.java:44) - user logged in, userId = 19
2016-12-02T00:28:54,574 [DEBUG] (SqlPostDao.java:35) - getting instance of SqlPostDao
2016-12-02T00:28:54,625 [DEBUG] (SqlPostDao.java:45) - SqlPostDao constructor inited
2016-12-02T00:28:54,630 [DEBUG] (ConnectionPool.java:26) - instance of connection pool inited
2016-12-02T00:28:55,998 [DEBUG] (SqlSubscribeDao.java:33) - gettting instance of class sql.SqlSubscribeDao
2016-12-02T00:28:55,999 [DEBUG] (SqlSubscribeDao.java:43) - class sql.SqlSubscribeDaoconstructor inited
2016-12-02T00:29:15,347 [DEBUG] (SqlUserDao.java:32) - gettting instance of class sql.SqlUserDao
2016-12-02T00:29:15,349 [DEBUG] (SqlUserDao.java:42) - class sql.SqlUserDao constructor inited
2016-12-02T00:29:15,443 [INFO ] (LoginServlet.java:44) - user logged in, userId = 19
2016-12-02T00:32:39,769 [DEBUG] (SqlPostDao.java:35) - getting instance of SqlPostDao
2016-12-02T00:32:39,778 [DEBUG] (SqlPostDao.java:45) - SqlPostDao constructor inited
2016-12-02T00:32:39,779 [DEBUG] (ConnectionPool.java:26) - instance of connection pool inited
2016-12-02T00:32:40,148 [DEBUG] (SqlSubscribeDao.java:33) - gettting instance of class sql.SqlSubscribeDao
2016-12-02T00:32:40,148 [DEBUG] (SqlSubscribeDao.java:43) - class sql.SqlSubscribeDaoconstructor inited
2016-12-02T00:33:20,937 [DEBUG] (SqlUserDao.java:32) - gettting instance of class sql.SqlUserDao
2016-12-02T00:33:20,939 [DEBUG] (SqlUserDao.java:42) - class sql.SqlUserDao constructor inited
2016-12-02T00:33:21,005 [INFO ] (LoginServlet.java:44) - user logged in, userId = 19
2016-12-02T00:36:29,514 [DEBUG] (SqlPostDao.java:35) - getting instance of SqlPostDao
2016-12-02T00:36:29,525 [DEBUG] (SqlPostDao.java:45) - SqlPostDao constructor inited
2016-12-02T00:36:29,527 [DEBUG] (ConnectionPool.java:26) - instance of connection pool inited
2016-12-02T00:36:29,939 [DEBUG] (SqlSubscribeDao.java:33) - gettting instance of class sql.SqlSubscribeDao
2016-12-02T00:36:29,940 [DEBUG] (SqlSubscribeDao.java:43) - class sql.SqlSubscribeDaoconstructor inited
2016-12-02T00:37:25,954 [DEBUG] (SqlUserDao.java:32) - gettting instance of class sql.SqlUserDao
2016-12-02T00:37:25,956 [DEBUG] (SqlUserDao.java:42) - class sql.SqlUserDao constructor inited
2016-12-02T00:37:26,033 [INFO ] (LoginServlet.java:44) - user logged in, userId = 19
2016-12-02T00:47:49,025 [DEBUG] (SqlPostDao.java:35) - getting instance of SqlPostDao
2016-12-02T00:47:49,059 [DEBUG] (SqlPostDao.java:45) - SqlPostDao constructor inited
2016-12-02T00:47:49,061 [DEBUG] (ConnectionPool.java:26) - instance of connection pool inited
2016-12-02T00:47:49,449 [DEBUG] (SqlSubscribeDao.java:33) - gettting instance of class sql.SqlSubscribeDao
2016-12-02T00:47:49,449 [DEBUG] (SqlSubscribeDao.java:43) - class sql.SqlSubscribeDaoconstructor inited
2016-12-02T00:47:57,766 [DEBUG] (SqlUserDao.java:32) - gettting instance of class sql.SqlUserDao
2016-12-02T00:47:57,769 [DEBUG] (SqlUserDao.java:42) - class sql.SqlUserDao constructor inited
2016-12-02T00:47:57,843 [INFO ] (LoginServlet.java:44) - user logged in, userId = 19
2016-12-02T00:48:14,618 [ERROR] (GetUserServlet.java:40) - Strange pageId
java.lang.NumberFormatException: For input string: "wofjskdl"
	at java.lang.NumberFormatException.forInputString(NumberFormatException.java:65) ~[?:1.8.0_102]
	at java.lang.Integer.parseInt(Integer.java:580) ~[?:1.8.0_102]
	at java.lang.Integer.parseInt(Integer.java:615) ~[?:1.8.0_102]
	at controllers.users.GetUserServlet.doGet(GetUserServlet.java:38) [classes/:?]
	at javax.servlet.http.HttpServlet.service(HttpServlet.java:622) [servlet-api.jar:?]
	at javax.servlet.http.HttpServlet.service(HttpServlet.java:729) [servlet-api.jar:?]
	at org.apache.catalina.core.ApplicationFilterChain.internalDoFilter(ApplicationFilterChain.java:230) [catalina.jar:9.0.0.M11]
	at org.apache.catalina.core.ApplicationFilterChain.doFilter(ApplicationFilterChain.java:165) [catalina.jar:9.0.0.M11]
	at org.apache.tomcat.websocket.server.WsFilter.doFilter(WsFilter.java:53) [tomcat-websocket.jar:9.0.0.M11]
	at org.apache.catalina.core.ApplicationFilterChain.internalDoFilter(ApplicationFilterChain.java:192) [catalina.jar:9.0.0.M11]
	at org.apache.catalina.core.ApplicationFilterChain.doFilter(ApplicationFilterChain.java:165) [catalina.jar:9.0.0.M11]
	at filters.encoding.EncodingFilter.doFilter(EncodingFilter.java:18) [classes/:?]
	at javax.servlet.http.HttpFilter.doFilter(HttpFilter.java:52) [servlet-api.jar:?]
	at org.apache.catalina.core.ApplicationFilterChain.internalDoFilter(ApplicationFilterChain.java:192) [catalina.jar:9.0.0.M11]
	at org.apache.catalina.core.ApplicationFilterChain.doFilter(ApplicationFilterChain.java:165) [catalina.jar:9.0.0.M11]
	at org.apache.catalina.core.StandardWrapperValve.invoke(StandardWrapperValve.java:199) [catalina.jar:9.0.0.M11]
	at org.apache.catalina.core.StandardContextValve.invoke(StandardContextValve.java:108) [catalina.jar:9.0.0.M11]
	at org.apache.catalina.authenticator.AuthenticatorBase.invoke(AuthenticatorBase.java:472) [catalina.jar:9.0.0.M11]
	at org.apache.catalina.core.StandardHostValve.invoke(StandardHostValve.java:140) [catalina.jar:9.0.0.M11]
	at org.apache.catalina.valves.ErrorReportValve.invoke(ErrorReportValve.java:79) [catalina.jar:9.0.0.M11]
	at org.apache.catalina.valves.AbstractAccessLogValve.invoke(AbstractAccessLogValve.java:620) [catalina.jar:9.0.0.M11]
	at org.apache.catalina.core.StandardEngineValve.invoke(StandardEngineValve.java:87) [catalina.jar:9.0.0.M11]
	at org.apache.catalina.connector.CoyoteAdapter.service(CoyoteAdapter.java:349) [catalina.jar:9.0.0.M11]
	at org.apache.coyote.http11.Http11Processor.service(Http11Processor.java:784) [tomcat-coyote.jar:9.0.0.M11]
	at org.apache.coyote.AbstractProcessorLight.process(AbstractProcessorLight.java:66) [tomcat-coyote.jar:9.0.0.M11]
	at org.apache.coyote.AbstractProtocol$ConnectionHandler.process(AbstractProtocol.java:802) [tomcat-coyote.jar:9.0.0.M11]
	at org.apache.tomcat.util.net.NioEndpoint$SocketProcessor.doRun(NioEndpoint.java:1455) [tomcat-coyote.jar:9.0.0.M11]
	at org.apache.tomcat.util.net.SocketProcessorBase.run(SocketProcessorBase.java:49) [tomcat-coyote.jar:9.0.0.M11]
	at java.util.concurrent.ThreadPoolExecutor.runWorker(ThreadPoolExecutor.java:1142) [?:1.8.0_102]
	at java.util.concurrent.ThreadPoolExecutor$Worker.run(ThreadPoolExecutor.java:617) [?:1.8.0_102]
	at org.apache.tomcat.util.threads.TaskThread$WrappingRunnable.run(TaskThread.java:61) [tomcat-util.jar:9.0.0.M11]
	at java.lang.Thread.run(Thread.java:745) [?:1.8.0_102]
2016-12-02T00:48:21,493 [ERROR] (GetUserServlet.java:40) - Strange pageId
java.lang.NumberFormatException: For input string: "wofjskdl"
	at java.lang.NumberFormatException.forInputString(NumberFormatException.java:65) ~[?:1.8.0_102]
	at java.lang.Integer.parseInt(Integer.java:580) ~[?:1.8.0_102]
	at java.lang.Integer.parseInt(Integer.java:615) ~[?:1.8.0_102]
	at controllers.users.GetUserServlet.doGet(GetUserServlet.java:38) [classes/:?]
	at javax.servlet.http.HttpServlet.service(HttpServlet.java:622) [servlet-api.jar:?]
	at javax.servlet.http.HttpServlet.service(HttpServlet.java:729) [servlet-api.jar:?]
	at org.apache.catalina.core.ApplicationFilterChain.internalDoFilter(ApplicationFilterChain.java:230) [catalina.jar:9.0.0.M11]
	at org.apache.catalina.core.ApplicationFilterChain.doFilter(ApplicationFilterChain.java:165) [catalina.jar:9.0.0.M11]
	at org.apache.tomcat.websocket.server.WsFilter.doFilter(WsFilter.java:53) [tomcat-websocket.jar:9.0.0.M11]
	at org.apache.catalina.core.ApplicationFilterChain.internalDoFilter(ApplicationFilterChain.java:192) [catalina.jar:9.0.0.M11]
	at org.apache.catalina.core.ApplicationFilterChain.doFilter(ApplicationFilterChain.java:165) [catalina.jar:9.0.0.M11]
	at filters.encoding.EncodingFilter.doFilter(EncodingFilter.java:18) [classes/:?]
	at javax.servlet.http.HttpFilter.doFilter(HttpFilter.java:52) [servlet-api.jar:?]
	at org.apache.catalina.core.ApplicationFilterChain.internalDoFilter(ApplicationFilterChain.java:192) [catalina.jar:9.0.0.M11]
	at org.apache.catalina.core.ApplicationFilterChain.doFilter(ApplicationFilterChain.java:165) [catalina.jar:9.0.0.M11]
	at org.apache.catalina.core.StandardWrapperValve.invoke(StandardWrapperValve.java:199) [catalina.jar:9.0.0.M11]
	at org.apache.catalina.core.StandardContextValve.invoke(StandardContextValve.java:108) [catalina.jar:9.0.0.M11]
	at org.apache.catalina.authenticator.AuthenticatorBase.invoke(AuthenticatorBase.java:472) [catalina.jar:9.0.0.M11]
	at org.apache.catalina.core.StandardHostValve.invoke(StandardHostValve.java:140) [catalina.jar:9.0.0.M11]
	at org.apache.catalina.valves.ErrorReportValve.invoke(ErrorReportValve.java:79) [catalina.jar:9.0.0.M11]
	at org.apache.catalina.valves.AbstractAccessLogValve.invoke(AbstractAccessLogValve.java:620) [catalina.jar:9.0.0.M11]
	at org.apache.catalina.core.StandardEngineValve.invoke(StandardEngineValve.java:87) [catalina.jar:9.0.0.M11]
	at org.apache.catalina.connector.CoyoteAdapter.service(CoyoteAdapter.java:349) [catalina.jar:9.0.0.M11]
	at org.apache.coyote.http11.Http11Processor.service(Http11Processor.java:784) [tomcat-coyote.jar:9.0.0.M11]
	at org.apache.coyote.AbstractProcessorLight.process(AbstractProcessorLight.java:66) [tomcat-coyote.jar:9.0.0.M11]
	at org.apache.coyote.AbstractProtocol$ConnectionHandler.process(AbstractProtocol.java:802) [tomcat-coyote.jar:9.0.0.M11]
	at org.apache.tomcat.util.net.NioEndpoint$SocketProcessor.doRun(NioEndpoint.java:1455) [tomcat-coyote.jar:9.0.0.M11]
	at org.apache.tomcat.util.net.SocketProcessorBase.run(SocketProcessorBase.java:49) [tomcat-coyote.jar:9.0.0.M11]
	at java.util.concurrent.ThreadPoolExecutor.runWorker(ThreadPoolExecutor.java:1142) [?:1.8.0_102]
	at java.util.concurrent.ThreadPoolExecutor$Worker.run(ThreadPoolExecutor.java:617) [?:1.8.0_102]
	at org.apache.tomcat.util.threads.TaskThread$WrappingRunnable.run(TaskThread.java:61) [tomcat-util.jar:9.0.0.M11]
	at java.lang.Thread.run(Thread.java:745) [?:1.8.0_102]
2016-12-02T00:48:46,382 [ERROR] (GetUserServlet.java:40) - Strange pageId
java.lang.NumberFormatException: For input string: "1'"
	at java.lang.NumberFormatException.forInputString(NumberFormatException.java:65) ~[?:1.8.0_102]
	at java.lang.Integer.parseInt(Integer.java:580) ~[?:1.8.0_102]
	at java.lang.Integer.parseInt(Integer.java:615) ~[?:1.8.0_102]
	at controllers.users.GetUserServlet.doGet(GetUserServlet.java:38) [classes/:?]
	at javax.servlet.http.HttpServlet.service(HttpServlet.java:622) [servlet-api.jar:?]
	at javax.servlet.http.HttpServlet.service(HttpServlet.java:729) [servlet-api.jar:?]
	at org.apache.catalina.core.ApplicationFilterChain.internalDoFilter(ApplicationFilterChain.java:230) [catalina.jar:9.0.0.M11]
	at org.apache.catalina.core.ApplicationFilterChain.doFilter(ApplicationFilterChain.java:165) [catalina.jar:9.0.0.M11]
	at org.apache.tomcat.websocket.server.WsFilter.doFilter(WsFilter.java:53) [tomcat-websocket.jar:9.0.0.M11]
	at org.apache.catalina.core.ApplicationFilterChain.internalDoFilter(ApplicationFilterChain.java:192) [catalina.jar:9.0.0.M11]
	at org.apache.catalina.core.ApplicationFilterChain.doFilter(ApplicationFilterChain.java:165) [catalina.jar:9.0.0.M11]
	at filters.encoding.EncodingFilter.doFilter(EncodingFilter.java:18) [classes/:?]
	at javax.servlet.http.HttpFilter.doFilter(HttpFilter.java:52) [servlet-api.jar:?]
	at org.apache.catalina.core.ApplicationFilterChain.internalDoFilter(ApplicationFilterChain.java:192) [catalina.jar:9.0.0.M11]
	at org.apache.catalina.core.ApplicationFilterChain.doFilter(ApplicationFilterChain.java:165) [catalina.jar:9.0.0.M11]
	at org.apache.catalina.core.StandardWrapperValve.invoke(StandardWrapperValve.java:199) [catalina.jar:9.0.0.M11]
	at org.apache.catalina.core.StandardContextValve.invoke(StandardContextValve.java:108) [catalina.jar:9.0.0.M11]
	at org.apache.catalina.authenticator.AuthenticatorBase.invoke(AuthenticatorBase.java:472) [catalina.jar:9.0.0.M11]
	at org.apache.catalina.core.StandardHostValve.invoke(StandardHostValve.java:140) [catalina.jar:9.0.0.M11]
	at org.apache.catalina.valves.ErrorReportValve.invoke(ErrorReportValve.java:79) [catalina.jar:9.0.0.M11]
	at org.apache.catalina.valves.AbstractAccessLogValve.invoke(AbstractAccessLogValve.java:620) [catalina.jar:9.0.0.M11]
	at org.apache.catalina.core.StandardEngineValve.invoke(StandardEngineValve.java:87) [catalina.jar:9.0.0.M11]
	at org.apache.catalina.connector.CoyoteAdapter.service(CoyoteAdapter.java:349) [catalina.jar:9.0.0.M11]
	at org.apache.coyote.http11.Http11Processor.service(Http11Processor.java:784) [tomcat-coyote.jar:9.0.0.M11]
	at org.apache.coyote.AbstractProcessorLight.process(AbstractProcessorLight.java:66) [tomcat-coyote.jar:9.0.0.M11]
	at org.apache.coyote.AbstractProtocol$ConnectionHandler.process(AbstractProtocol.java:802) [tomcat-coyote.jar:9.0.0.M11]
	at org.apache.tomcat.util.net.NioEndpoint$SocketProcessor.doRun(NioEndpoint.java:1455) [tomcat-coyote.jar:9.0.0.M11]
	at org.apache.tomcat.util.net.SocketProcessorBase.run(SocketProcessorBase.java:49) [tomcat-coyote.jar:9.0.0.M11]
	at java.util.concurrent.ThreadPoolExecutor.runWorker(ThreadPoolExecutor.java:1142) [?:1.8.0_102]
	at java.util.concurrent.ThreadPoolExecutor$Worker.run(ThreadPoolExecutor.java:617) [?:1.8.0_102]
	at org.apache.tomcat.util.threads.TaskThread$WrappingRunnable.run(TaskThread.java:61) [tomcat-util.jar:9.0.0.M11]
	at java.lang.Thread.run(Thread.java:745) [?:1.8.0_102]
2016-12-02T00:48:51,261 [ERROR] (GetUserServlet.java:40) - Strange pageId
java.lang.NumberFormatException: For input string: "1'"
	at java.lang.NumberFormatException.forInputString(NumberFormatException.java:65) ~[?:1.8.0_102]
	at java.lang.Integer.parseInt(Integer.java:580) ~[?:1.8.0_102]
	at java.lang.Integer.parseInt(Integer.java:615) ~[?:1.8.0_102]
	at controllers.users.GetUserServlet.doGet(GetUserServlet.java:38) [classes/:?]
	at javax.servlet.http.HttpServlet.service(HttpServlet.java:622) [servlet-api.jar:?]
	at javax.servlet.http.HttpServlet.service(HttpServlet.java:729) [servlet-api.jar:?]
	at org.apache.catalina.core.ApplicationFilterChain.internalDoFilter(ApplicationFilterChain.java:230) [catalina.jar:9.0.0.M11]
	at org.apache.catalina.core.ApplicationFilterChain.doFilter(ApplicationFilterChain.java:165) [catalina.jar:9.0.0.M11]
	at org.apache.tomcat.websocket.server.WsFilter.doFilter(WsFilter.java:53) [tomcat-websocket.jar:9.0.0.M11]
	at org.apache.catalina.core.ApplicationFilterChain.internalDoFilter(ApplicationFilterChain.java:192) [catalina.jar:9.0.0.M11]
	at org.apache.catalina.core.ApplicationFilterChain.doFilter(ApplicationFilterChain.java:165) [catalina.jar:9.0.0.M11]
	at filters.encoding.EncodingFilter.doFilter(EncodingFilter.java:18) [classes/:?]
	at javax.servlet.http.HttpFilter.doFilter(HttpFilter.java:52) [servlet-api.jar:?]
	at org.apache.catalina.core.ApplicationFilterChain.internalDoFilter(ApplicationFilterChain.java:192) [catalina.jar:9.0.0.M11]
	at org.apache.catalina.core.ApplicationFilterChain.doFilter(ApplicationFilterChain.java:165) [catalina.jar:9.0.0.M11]
	at org.apache.catalina.core.StandardWrapperValve.invoke(StandardWrapperValve.java:199) [catalina.jar:9.0.0.M11]
	at org.apache.catalina.core.StandardContextValve.invoke(StandardContextValve.java:108) [catalina.jar:9.0.0.M11]
	at org.apache.catalina.authenticator.AuthenticatorBase.invoke(AuthenticatorBase.java:472) [catalina.jar:9.0.0.M11]
	at org.apache.catalina.core.StandardHostValve.invoke(StandardHostValve.java:140) [catalina.jar:9.0.0.M11]
	at org.apache.catalina.valves.ErrorReportValve.invoke(ErrorReportValve.java:79) [catalina.jar:9.0.0.M11]
	at org.apache.catalina.valves.AbstractAccessLogValve.invoke(AbstractAccessLogValve.java:620) [catalina.jar:9.0.0.M11]
	at org.apache.catalina.core.StandardEngineValve.invoke(StandardEngineValve.java:87) [catalina.jar:9.0.0.M11]
	at org.apache.catalina.connector.CoyoteAdapter.service(CoyoteAdapter.java:349) [catalina.jar:9.0.0.M11]
	at org.apache.coyote.http11.Http11Processor.service(Http11Processor.java:784) [tomcat-coyote.jar:9.0.0.M11]
	at org.apache.coyote.AbstractProcessorLight.process(AbstractProcessorLight.java:66) [tomcat-coyote.jar:9.0.0.M11]
	at org.apache.coyote.AbstractProtocol$ConnectionHandler.process(AbstractProtocol.java:802) [tomcat-coyote.jar:9.0.0.M11]
	at org.apache.tomcat.util.net.NioEndpoint$SocketProcessor.doRun(NioEndpoint.java:1455) [tomcat-coyote.jar:9.0.0.M11]
	at org.apache.tomcat.util.net.SocketProcessorBase.run(SocketProcessorBase.java:49) [tomcat-coyote.jar:9.0.0.M11]
	at java.util.concurrent.ThreadPoolExecutor.runWorker(ThreadPoolExecutor.java:1142) [?:1.8.0_102]
	at java.util.concurrent.ThreadPoolExecutor$Worker.run(ThreadPoolExecutor.java:617) [?:1.8.0_102]
	at org.apache.tomcat.util.threads.TaskThread$WrappingRunnable.run(TaskThread.java:61) [tomcat-util.jar:9.0.0.M11]
	at java.lang.Thread.run(Thread.java:745) [?:1.8.0_102]
2016-12-02T00:53:00,655 [DEBUG] (SqlPostDao.java:35) - getting instance of SqlPostDao
2016-12-02T00:53:00,666 [DEBUG] (SqlPostDao.java:45) - SqlPostDao constructor inited
2016-12-02T00:53:00,667 [DEBUG] (ConnectionPool.java:26) - instance of connection pool inited
2016-12-02T00:53:01,025 [DEBUG] (SqlSubscribeDao.java:33) - gettting instance of class sql.SqlSubscribeDao
2016-12-02T00:53:01,026 [DEBUG] (SqlSubscribeDao.java:43) - class sql.SqlSubscribeDaoconstructor inited
2016-12-02T00:53:11,505 [DEBUG] (SqlUserDao.java:32) - gettting instance of class sql.SqlUserDao
2016-12-02T00:53:11,506 [DEBUG] (SqlUserDao.java:42) - class sql.SqlUserDao constructor inited
2016-12-02T00:53:11,563 [INFO ] (LoginServlet.java:44) - user logged in, userId = 19
2016-12-02T00:53:40,277 [ERROR] (FollowersServlet.java:37) - strange pageid
java.lang.NumberFormatException: For input string: "dsjkfhj"
	at java.lang.NumberFormatException.forInputString(NumberFormatException.java:65) ~[?:1.8.0_102]
	at java.lang.Integer.parseInt(Integer.java:580) ~[?:1.8.0_102]
	at java.lang.Integer.parseInt(Integer.java:615) ~[?:1.8.0_102]
	at controllers.subscribes.FollowersServlet.doGet(FollowersServlet.java:35) [classes/:?]
	at javax.servlet.http.HttpServlet.service(HttpServlet.java:622) [servlet-api.jar:?]
	at javax.servlet.http.HttpServlet.service(HttpServlet.java:729) [servlet-api.jar:?]
	at org.apache.catalina.core.ApplicationFilterChain.internalDoFilter(ApplicationFilterChain.java:230) [catalina.jar:9.0.0.M11]
	at org.apache.catalina.core.ApplicationFilterChain.doFilter(ApplicationFilterChain.java:165) [catalina.jar:9.0.0.M11]
	at org.apache.tomcat.websocket.server.WsFilter.doFilter(WsFilter.java:53) [tomcat-websocket.jar:9.0.0.M11]
	at org.apache.catalina.core.ApplicationFilterChain.internalDoFilter(ApplicationFilterChain.java:192) [catalina.jar:9.0.0.M11]
	at org.apache.catalina.core.ApplicationFilterChain.doFilter(ApplicationFilterChain.java:165) [catalina.jar:9.0.0.M11]
	at filters.encoding.EncodingFilter.doFilter(EncodingFilter.java:18) [classes/:?]
	at javax.servlet.http.HttpFilter.doFilter(HttpFilter.java:52) [servlet-api.jar:?]
	at org.apache.catalina.core.ApplicationFilterChain.internalDoFilter(ApplicationFilterChain.java:192) [catalina.jar:9.0.0.M11]
	at org.apache.catalina.core.ApplicationFilterChain.doFilter(ApplicationFilterChain.java:165) [catalina.jar:9.0.0.M11]
	at org.apache.catalina.core.StandardWrapperValve.invoke(StandardWrapperValve.java:199) [catalina.jar:9.0.0.M11]
	at org.apache.catalina.core.StandardContextValve.invoke(StandardContextValve.java:108) [catalina.jar:9.0.0.M11]
	at org.apache.catalina.authenticator.AuthenticatorBase.invoke(AuthenticatorBase.java:472) [catalina.jar:9.0.0.M11]
	at org.apache.catalina.core.StandardHostValve.invoke(StandardHostValve.java:140) [catalina.jar:9.0.0.M11]
	at org.apache.catalina.valves.ErrorReportValve.invoke(ErrorReportValve.java:79) [catalina.jar:9.0.0.M11]
	at org.apache.catalina.valves.AbstractAccessLogValve.invoke(AbstractAccessLogValve.java:620) [catalina.jar:9.0.0.M11]
	at org.apache.catalina.core.StandardEngineValve.invoke(StandardEngineValve.java:87) [catalina.jar:9.0.0.M11]
	at org.apache.catalina.connector.CoyoteAdapter.service(CoyoteAdapter.java:349) [catalina.jar:9.0.0.M11]
	at org.apache.coyote.http11.Http11Processor.service(Http11Processor.java:784) [tomcat-coyote.jar:9.0.0.M11]
	at org.apache.coyote.AbstractProcessorLight.process(AbstractProcessorLight.java:66) [tomcat-coyote.jar:9.0.0.M11]
	at org.apache.coyote.AbstractProtocol$ConnectionHandler.process(AbstractProtocol.java:802) [tomcat-coyote.jar:9.0.0.M11]
	at org.apache.tomcat.util.net.NioEndpoint$SocketProcessor.doRun(NioEndpoint.java:1455) [tomcat-coyote.jar:9.0.0.M11]
	at org.apache.tomcat.util.net.SocketProcessorBase.run(SocketProcessorBase.java:49) [tomcat-coyote.jar:9.0.0.M11]
	at java.util.concurrent.ThreadPoolExecutor.runWorker(ThreadPoolExecutor.java:1142) [?:1.8.0_102]
	at java.util.concurrent.ThreadPoolExecutor$Worker.run(ThreadPoolExecutor.java:617) [?:1.8.0_102]
	at org.apache.tomcat.util.threads.TaskThread$WrappingRunnable.run(TaskThread.java:61) [tomcat-util.jar:9.0.0.M11]
	at java.lang.Thread.run(Thread.java:745) [?:1.8.0_102]
2016-12-02T00:53:55,493 [ERROR] (FollowersServlet.java:37) - strange pageid
java.lang.NumberFormatException: For input string: "dsjkfhj"
	at java.lang.NumberFormatException.forInputString(NumberFormatException.java:65) ~[?:1.8.0_102]
	at java.lang.Integer.parseInt(Integer.java:580) ~[?:1.8.0_102]
	at java.lang.Integer.parseInt(Integer.java:615) ~[?:1.8.0_102]
	at controllers.subscribes.FollowersServlet.doGet(FollowersServlet.java:35) [classes/:?]
	at javax.servlet.http.HttpServlet.service(HttpServlet.java:622) [servlet-api.jar:?]
	at javax.servlet.http.HttpServlet.service(HttpServlet.java:729) [servlet-api.jar:?]
	at org.apache.catalina.core.ApplicationFilterChain.internalDoFilter(ApplicationFilterChain.java:230) [catalina.jar:9.0.0.M11]
	at org.apache.catalina.core.ApplicationFilterChain.doFilter(ApplicationFilterChain.java:165) [catalina.jar:9.0.0.M11]
	at org.apache.tomcat.websocket.server.WsFilter.doFilter(WsFilter.java:53) [tomcat-websocket.jar:9.0.0.M11]
	at org.apache.catalina.core.ApplicationFilterChain.internalDoFilter(ApplicationFilterChain.java:192) [catalina.jar:9.0.0.M11]
	at org.apache.catalina.core.ApplicationFilterChain.doFilter(ApplicationFilterChain.java:165) [catalina.jar:9.0.0.M11]
	at filters.encoding.EncodingFilter.doFilter(EncodingFilter.java:18) [classes/:?]
	at javax.servlet.http.HttpFilter.doFilter(HttpFilter.java:52) [servlet-api.jar:?]
	at org.apache.catalina.core.ApplicationFilterChain.internalDoFilter(ApplicationFilterChain.java:192) [catalina.jar:9.0.0.M11]
	at org.apache.catalina.core.ApplicationFilterChain.doFilter(ApplicationFilterChain.java:165) [catalina.jar:9.0.0.M11]
	at org.apache.catalina.core.StandardWrapperValve.invoke(StandardWrapperValve.java:199) [catalina.jar:9.0.0.M11]
	at org.apache.catalina.core.StandardContextValve.invoke(StandardContextValve.java:108) [catalina.jar:9.0.0.M11]
	at org.apache.catalina.authenticator.AuthenticatorBase.invoke(AuthenticatorBase.java:472) [catalina.jar:9.0.0.M11]
	at org.apache.catalina.core.StandardHostValve.invoke(StandardHostValve.java:140) [catalina.jar:9.0.0.M11]
	at org.apache.catalina.valves.ErrorReportValve.invoke(ErrorReportValve.java:79) [catalina.jar:9.0.0.M11]
	at org.apache.catalina.valves.AbstractAccessLogValve.invoke(AbstractAccessLogValve.java:620) [catalina.jar:9.0.0.M11]
	at org.apache.catalina.core.StandardEngineValve.invoke(StandardEngineValve.java:87) [catalina.jar:9.0.0.M11]
	at org.apache.catalina.connector.CoyoteAdapter.service(CoyoteAdapter.java:349) [catalina.jar:9.0.0.M11]
	at org.apache.coyote.http11.Http11Processor.service(Http11Processor.java:784) [tomcat-coyote.jar:9.0.0.M11]
	at org.apache.coyote.AbstractProcessorLight.process(AbstractProcessorLight.java:66) [tomcat-coyote.jar:9.0.0.M11]
	at org.apache.coyote.AbstractProtocol$ConnectionHandler.process(AbstractProtocol.java:802) [tomcat-coyote.jar:9.0.0.M11]
	at org.apache.tomcat.util.net.NioEndpoint$SocketProcessor.doRun(NioEndpoint.java:1455) [tomcat-coyote.jar:9.0.0.M11]
	at org.apache.tomcat.util.net.SocketProcessorBase.run(SocketProcessorBase.java:49) [tomcat-coyote.jar:9.0.0.M11]
	at java.util.concurrent.ThreadPoolExecutor.runWorker(ThreadPoolExecutor.java:1142) [?:1.8.0_102]
	at java.util.concurrent.ThreadPoolExecutor$Worker.run(ThreadPoolExecutor.java:617) [?:1.8.0_102]
	at org.apache.tomcat.util.threads.TaskThread$WrappingRunnable.run(TaskThread.java:61) [tomcat-util.jar:9.0.0.M11]
	at java.lang.Thread.run(Thread.java:745) [?:1.8.0_102]
2016-12-02T00:54:58,495 [INFO ] (LogoutServlet.java:22) - session invalidate
2016-12-02T00:55:16,899 [ERROR] (AddUserServlet.java:46) - user cannot register beacuse of incorrect email or password repeat
2016-12-02T00:55:39,278 [ERROR] (AddUserServlet.java:46) - user cannot register beacuse of incorrect email or password repeat
2016-12-02T00:55:59,941 [INFO ] (AddUserServlet.java:40) - new user added
2016-12-02T00:56:06,939 [INFO ] (LoginServlet.java:44) - user logged in, userId = 20
2016-12-02T00:59:27,349 [DEBUG] (SqlPostDao.java:35) - getting instance of SqlPostDao
2016-12-02T00:59:27,360 [DEBUG] (SqlPostDao.java:45) - SqlPostDao constructor inited
2016-12-02T00:59:27,361 [DEBUG] (ConnectionPool.java:26) - instance of connection pool inited
2016-12-02T00:59:27,732 [DEBUG] (SqlSubscribeDao.java:33) - gettting instance of class sql.SqlSubscribeDao
2016-12-02T00:59:27,732 [DEBUG] (SqlSubscribeDao.java:43) - class sql.SqlSubscribeDaoconstructor inited
2016-12-02T00:59:37,178 [DEBUG] (SqlUserDao.java:32) - gettting instance of class sql.SqlUserDao
2016-12-02T00:59:37,180 [DEBUG] (SqlUserDao.java:42) - class sql.SqlUserDao constructor inited
2016-12-02T00:59:37,239 [INFO ] (LoginServlet.java:44) - user logged in, userId = 20
2016-12-02T01:02:00,516 [DEBUG] (SqlPostDao.java:35) - getting instance of SqlPostDao
2016-12-02T01:02:00,526 [DEBUG] (SqlPostDao.java:45) - SqlPostDao constructor inited
2016-12-02T01:02:00,527 [DEBUG] (ConnectionPool.java:26) - instance of connection pool inited
2016-12-02T01:02:00,897 [DEBUG] (SqlSubscribeDao.java:33) - gettting instance of class sql.SqlSubscribeDao
2016-12-02T01:02:00,897 [DEBUG] (SqlSubscribeDao.java:43) - class sql.SqlSubscribeDaoconstructor inited
2016-12-02T01:02:57,712 [DEBUG] (SqlUserDao.java:32) - gettting instance of class sql.SqlUserDao
2016-12-02T01:02:57,714 [DEBUG] (SqlUserDao.java:42) - class sql.SqlUserDao constructor inited
2016-12-02T01:02:57,775 [INFO ] (LoginServlet.java:44) - user logged in, userId = 19
2016-12-02T01:07:06,217 [DEBUG] (SqlPostDao.java:35) - getting instance of SqlPostDao
2016-12-02T01:07:06,230 [DEBUG] (SqlPostDao.java:45) - SqlPostDao constructor inited
2016-12-02T01:07:06,233 [DEBUG] (ConnectionPool.java:26) - instance of connection pool inited
2016-12-02T01:07:06,804 [DEBUG] (SqlSubscribeDao.java:33) - gettting instance of class sql.SqlSubscribeDao
2016-12-02T01:07:06,804 [DEBUG] (SqlSubscribeDao.java:43) - class sql.SqlSubscribeDaoconstructor inited
2016-12-02T01:07:23,729 [DEBUG] (SqlUserDao.java:32) - gettting instance of class sql.SqlUserDao
2016-12-02T01:07:23,731 [DEBUG] (SqlUserDao.java:42) - class sql.SqlUserDao constructor inited
2016-12-02T01:07:23,869 [INFO ] (AddUserServlet.java:40) - new user added
2016-12-02T01:07:40,122 [ERROR] (SqlUserDao.java:65) - Cannot addUser
java.sql.SQLIntegrityConstraintViolationException: Duplicate entry 'user@mail.com' for key 'PRIMARY'
	at com.mysql.cj.jdbc.exceptions.SQLError.createSQLException(SQLError.java:557) ~[mysql-connector-java-6.0.4.jar:6.0.4]
	at com.mysql.cj.jdbc.exceptions.SQLError.createSQLException(SQLError.java:537) ~[mysql-connector-java-6.0.4.jar:6.0.4]
	at com.mysql.cj.jdbc.exceptions.SQLError.createSQLException(SQLError.java:527) ~[mysql-connector-java-6.0.4.jar:6.0.4]
	at com.mysql.cj.jdbc.exceptions.SQLExceptionsMapping.translateException(SQLExceptionsMapping.java:115) ~[mysql-connector-java-6.0.4.jar:6.0.4]
	at com.mysql.cj.jdbc.ConnectionImpl.execSQL(ConnectionImpl.java:2011) ~[mysql-connector-java-6.0.4.jar:6.0.4]
	at com.mysql.cj.jdbc.PreparedStatement.executeInternal(PreparedStatement.java:1826) ~[mysql-connector-java-6.0.4.jar:6.0.4]
	at com.mysql.cj.jdbc.PreparedStatement.execute(PreparedStatement.java:1153) ~[mysql-connector-java-6.0.4.jar:6.0.4]
	at sql.SqlUserDao.addUser(SqlUserDao.java:62) [SimpleSocialNet-jdbc-1.0-SNAPSHOT.jar:?]
	at controllers.users.AddUserServlet.doPost(AddUserServlet.java:39) [classes/:?]
	at javax.servlet.http.HttpServlet.service(HttpServlet.java:648) [servlet-api.jar:?]
	at javax.servlet.http.HttpServlet.service(HttpServlet.java:729) [servlet-api.jar:?]
	at org.apache.catalina.core.ApplicationFilterChain.internalDoFilter(ApplicationFilterChain.java:230) [catalina.jar:9.0.0.M11]
	at org.apache.catalina.core.ApplicationFilterChain.doFilter(ApplicationFilterChain.java:165) [catalina.jar:9.0.0.M11]
	at org.apache.tomcat.websocket.server.WsFilter.doFilter(WsFilter.java:53) [tomcat-websocket.jar:9.0.0.M11]
	at org.apache.catalina.core.ApplicationFilterChain.internalDoFilter(ApplicationFilterChain.java:192) [catalina.jar:9.0.0.M11]
	at org.apache.catalina.core.ApplicationFilterChain.doFilter(ApplicationFilterChain.java:165) [catalina.jar:9.0.0.M11]
	at filters.encoding.EncodingFilter.doFilter(EncodingFilter.java:18) [classes/:?]
	at javax.servlet.http.HttpFilter.doFilter(HttpFilter.java:52) [servlet-api.jar:?]
	at org.apache.catalina.core.ApplicationFilterChain.internalDoFilter(ApplicationFilterChain.java:192) [catalina.jar:9.0.0.M11]
	at org.apache.catalina.core.ApplicationFilterChain.doFilter(ApplicationFilterChain.java:165) [catalina.jar:9.0.0.M11]
	at org.apache.catalina.core.StandardWrapperValve.invoke(StandardWrapperValve.java:199) [catalina.jar:9.0.0.M11]
	at org.apache.catalina.core.StandardContextValve.invoke(StandardContextValve.java:108) [catalina.jar:9.0.0.M11]
	at org.apache.catalina.authenticator.AuthenticatorBase.invoke(AuthenticatorBase.java:472) [catalina.jar:9.0.0.M11]
	at org.apache.catalina.core.StandardHostValve.invoke(StandardHostValve.java:140) [catalina.jar:9.0.0.M11]
	at org.apache.catalina.valves.ErrorReportValve.invoke(ErrorReportValve.java:79) [catalina.jar:9.0.0.M11]
	at org.apache.catalina.valves.AbstractAccessLogValve.invoke(AbstractAccessLogValve.java:620) [catalina.jar:9.0.0.M11]
	at org.apache.catalina.core.StandardEngineValve.invoke(StandardEngineValve.java:87) [catalina.jar:9.0.0.M11]
	at org.apache.catalina.connector.CoyoteAdapter.service(CoyoteAdapter.java:349) [catalina.jar:9.0.0.M11]
	at org.apache.coyote.http11.Http11Processor.service(Http11Processor.java:784) [tomcat-coyote.jar:9.0.0.M11]
	at org.apache.coyote.AbstractProcessorLight.process(AbstractProcessorLight.java:66) [tomcat-coyote.jar:9.0.0.M11]
	at org.apache.coyote.AbstractProtocol$ConnectionHandler.process(AbstractProtocol.java:802) [tomcat-coyote.jar:9.0.0.M11]
	at org.apache.tomcat.util.net.NioEndpoint$SocketProcessor.doRun(NioEndpoint.java:1455) [tomcat-coyote.jar:9.0.0.M11]
	at org.apache.tomcat.util.net.SocketProcessorBase.run(SocketProcessorBase.java:49) [tomcat-coyote.jar:9.0.0.M11]
	at java.util.concurrent.ThreadPoolExecutor.runWorker(ThreadPoolExecutor.java:1142) [?:1.8.0_102]
	at java.util.concurrent.ThreadPoolExecutor$Worker.run(ThreadPoolExecutor.java:617) [?:1.8.0_102]
	at org.apache.tomcat.util.threads.TaskThread$WrappingRunnable.run(TaskThread.java:61) [tomcat-util.jar:9.0.0.M11]
	at java.lang.Thread.run(Thread.java:745) [?:1.8.0_102]
2016-12-02T01:07:40,199 [INFO ] (AddUserServlet.java:40) - new user added
2016-12-02T01:12:49,979 [DEBUG] (SqlPostDao.java:35) - getting instance of SqlPostDao
2016-12-02T01:12:50,022 [DEBUG] (SqlPostDao.java:45) - SqlPostDao constructor inited
2016-12-02T01:12:50,027 [DEBUG] (ConnectionPool.java:26) - instance of connection pool inited
2016-12-02T01:12:52,037 [DEBUG] (SqlSubscribeDao.java:33) - gettting instance of class sql.SqlSubscribeDao
2016-12-02T01:12:52,038 [DEBUG] (SqlSubscribeDao.java:43) - class sql.SqlSubscribeDaoconstructor inited
2016-12-02T01:13:24,508 [DEBUG] (SqlUserDao.java:32) - gettting instance of class sql.SqlUserDao
2016-12-02T01:13:24,510 [DEBUG] (SqlUserDao.java:42) - class sql.SqlUserDao constructor inited
2016-12-02T01:13:24,616 [ERROR] (AddUserServlet.java:47) - user cannot register beacuse of incorrect email or password repeat
2016-12-02T01:16:09,014 [DEBUG] (SqlPostDao.java:35) - getting instance of SqlPostDao
2016-12-02T01:16:09,030 [DEBUG] (SqlPostDao.java:45) - SqlPostDao constructor inited
2016-12-02T01:16:09,033 [DEBUG] (ConnectionPool.java:26) - instance of connection pool inited
2016-12-02T01:16:10,181 [DEBUG] (SqlSubscribeDao.java:33) - gettting instance of class sql.SqlSubscribeDao
2016-12-02T01:16:10,182 [DEBUG] (SqlSubscribeDao.java:43) - class sql.SqlSubscribeDaoconstructor inited
2016-12-02T01:16:26,683 [DEBUG] (SqlUserDao.java:32) - gettting instance of class sql.SqlUserDao
2016-12-02T01:16:26,685 [DEBUG] (SqlUserDao.java:42) - class sql.SqlUserDao constructor inited
2016-12-02T01:16:26,768 [ERROR] (AddUserServlet.java:47) - user cannot register beacuse of incorrect email or password repeat
2016-12-02T01:17:06,431 [ERROR] (AddUserServlet.java:47) - user cannot register beacuse of incorrect email or password repeat
2016-12-02T01:19:08,316 [DEBUG] (SqlPostDao.java:35) - getting instance of SqlPostDao
2016-12-02T01:19:08,332 [DEBUG] (SqlPostDao.java:45) - SqlPostDao constructor inited
2016-12-02T01:19:08,335 [DEBUG] (ConnectionPool.java:26) - instance of connection pool inited
2016-12-02T01:19:09,993 [DEBUG] (SqlSubscribeDao.java:33) - gettting instance of class sql.SqlSubscribeDao
2016-12-02T01:19:09,994 [DEBUG] (SqlSubscribeDao.java:43) - class sql.SqlSubscribeDaoconstructor inited
2016-12-02T01:20:20,251 [DEBUG] (SqlUserDao.java:32) - gettting instance of class sql.SqlUserDao
2016-12-02T01:20:20,253 [DEBUG] (SqlUserDao.java:42) - class sql.SqlUserDao constructor inited
2016-12-02T01:20:20,352 [ERROR] (AddUserServlet.java:47) - user cannot register beacuse of incorrect email or password repeat
2016-12-02T01:22:36,226 [DEBUG] (SqlPostDao.java:35) - getting instance of SqlPostDao
2016-12-02T01:22:36,265 [DEBUG] (SqlPostDao.java:45) - SqlPostDao constructor inited
2016-12-02T01:22:36,270 [DEBUG] (ConnectionPool.java:26) - instance of connection pool inited
2016-12-02T01:22:37,828 [DEBUG] (SqlSubscribeDao.java:33) - gettting instance of class sql.SqlSubscribeDao
2016-12-02T01:22:37,829 [DEBUG] (SqlSubscribeDao.java:43) - class sql.SqlSubscribeDaoconstructor inited
2016-12-02T01:22:53,003 [DEBUG] (SqlUserDao.java:32) - gettting instance of class sql.SqlUserDao
2016-12-02T01:22:53,007 [DEBUG] (SqlUserDao.java:42) - class sql.SqlUserDao constructor inited
2016-12-02T01:22:53,161 [INFO ] (AddUserServlet.java:41) - new user added
2016-12-02T01:23:40,966 [ERROR] (AddUserServlet.java:47) - user cannot register beacuse of incorrect email or password repeat
2016-12-02T01:25:07,300 [DEBUG] (SqlPostDao.java:35) - getting instance of SqlPostDao
2016-12-02T01:25:07,333 [DEBUG] (SqlPostDao.java:45) - SqlPostDao constructor inited
2016-12-02T01:25:07,337 [DEBUG] (ConnectionPool.java:26) - instance of connection pool inited
2016-12-02T01:25:08,000 [DEBUG] (SqlSubscribeDao.java:33) - gettting instance of class sql.SqlSubscribeDao
2016-12-02T01:25:08,001 [DEBUG] (SqlSubscribeDao.java:43) - class sql.SqlSubscribeDaoconstructor inited
2016-12-02T01:25:29,912 [DEBUG] (SqlUserDao.java:32) - gettting instance of class sql.SqlUserDao
2016-12-02T01:25:29,914 [DEBUG] (SqlUserDao.java:42) - class sql.SqlUserDao constructor inited
2016-12-02T01:25:30,024 [ERROR] (AddUserServlet.java:67) - user cannot register, he is already registered email=
2016-12-02T01:25:30,025 [ERROR] (AddUserServlet.java:47) - user cannot register beacuse of incorrect email or password repeat
2016-12-02T01:26:34,505 [INFO ] (AddUserServlet.java:41) - new user added
2016-12-02T01:27:42,854 [DEBUG] (SqlPostDao.java:35) - getting instance of SqlPostDao
2016-12-02T01:27:42,869 [DEBUG] (SqlPostDao.java:45) - SqlPostDao constructor inited
2016-12-02T01:27:42,870 [DEBUG] (ConnectionPool.java:26) - instance of connection pool inited
2016-12-02T01:27:44,194 [DEBUG] (SqlSubscribeDao.java:33) - gettting instance of class sql.SqlSubscribeDao
2016-12-02T01:27:44,195 [DEBUG] (SqlSubscribeDao.java:43) - class sql.SqlSubscribeDaoconstructor inited
2016-12-02T01:28:00,474 [DEBUG] (SqlUserDao.java:32) - gettting instance of class sql.SqlUserDao
2016-12-02T01:28:00,476 [DEBUG] (SqlUserDao.java:42) - class sql.SqlUserDao constructor inited
2016-12-02T01:28:00,584 [ERROR] (AddUserServlet.java:67) - user cannot register, he is already registered email=user@mail.com
2016-12-02T01:28:00,585 [ERROR] (AddUserServlet.java:47) - user cannot register beacuse of incorrect email or password repeat
2016-12-02T01:28:38,852 [INFO ] (LoginServlet.java:44) - user logged in, userId = 23
2016-12-02T01:30:28,822 [INFO ] (LogoutServlet.java:22) - session invalidate
2016-12-02T01:30:53,142 [INFO ] (AddUserServlet.java:41) - new user added
2016-12-02T01:34:29,095 [INFO ] (AddUserServlet.java:41) - new user added
2016-12-02T01:34:36,797 [INFO ] (LoginServlet.java:44) - user logged in, userId = 26
2016-12-02T01:38:01,511 [DEBUG] (SqlPostDao.java:35) - getting instance of SqlPostDao
2016-12-02T01:38:01,532 [DEBUG] (SqlPostDao.java:45) - SqlPostDao constructor inited
2016-12-02T01:38:01,536 [DEBUG] (ConnectionPool.java:26) - instance of connection pool inited
2016-12-02T01:38:02,166 [DEBUG] (SqlSubscribeDao.java:33) - gettting instance of class sql.SqlSubscribeDao
2016-12-02T01:38:02,166 [DEBUG] (SqlSubscribeDao.java:43) - class sql.SqlSubscribeDaoconstructor inited
2016-12-02T01:38:37,687 [DEBUG] (SqlUserDao.java:32) - gettting instance of class sql.SqlUserDao
2016-12-02T01:38:37,693 [DEBUG] (SqlUserDao.java:42) - class sql.SqlUserDao constructor inited
2016-12-02T01:38:37,978 [INFO ] (AddUserServlet.java:41) - new user added
2016-12-02T01:40:12,878 [INFO ] (LoginServlet.java:44) - user logged in, userId = 23
